<?xml version='1.0' encoding='UTF-8'?>
<testsuite hostname="Brian" name="forcomp.AnagramsSuite" tests="11" errors="0" failures="0" skipped="0" time="3.334" timestamp="2020-09-16T13:07:43">
                     <properties>
[...]
</properties>
                     <testcase classname="forcomp.AnagramsSuite" name="get: eat (10pts)" time="3.129">
                                                 
                                               </testcase><testcase classname="forcomp.AnagramsSuite" name="sentenceOccurrences: abcd e (5pts)" time="0.003">
                                                 
                                               </testcase><testcase classname="forcomp.AnagramsSuite" name="wordAnagrams player (2pts)" time="0.003">
                                                 
                                               </testcase><testcase classname="forcomp.AnagramsSuite" name="combinations: [] (8pts)" time="0.008">
                                                 
                                               </testcase><testcase classname="forcomp.AnagramsSuite" name="sentence anagrams: Linux rulez (10pts)" time="0.182">
                                                 
                                               </testcase><testcase classname="forcomp.AnagramsSuite" name="subtract: lard - r (10pts)" time="0.002">
                                                 
                                               </testcase><testcase classname="forcomp.AnagramsSuite" name="wordAnagrams married (2pts)" time="0.002">
                                                 
                                               </testcase><testcase classname="forcomp.AnagramsSuite" name="sentence anagrams: [] (10pts)" time="0.001">
                                                 
                                               </testcase><testcase classname="forcomp.AnagramsSuite" name="wordOccurrences: Robert (3pts)" time="0.002">
                                                 
                                               </testcase><testcase classname="forcomp.AnagramsSuite" name="combinations: abba (8pts)" time="0.001">
                                                 
                                               </testcase><testcase classname="forcomp.AnagramsSuite" name="wordOccurrences: abcd (3pts)" time="0.001">
                                                 
                                               </testcase>
                     <system-out><![CDATA[]]></system-out>
                     <system-err><![CDATA[]]></system-err>
                   </testsuite>